<?xml version="1.0" encoding="UTF-8"?>
<testng-results skipped="0" failed="0" ignored="0" total="1" passed="1">
  <reporter-output>
  </reporter-output>
  <suite name="TestSuite" duration-ms="11930" started-at="2018-09-09T03:14:15Z" finished-at="2018-09-09T03:14:27Z">
    <groups>
    </groups>
    <test name="LoginTest" duration-ms="11930" started-at="2018-09-09T03:14:15Z" finished-at="2018-09-09T03:14:27Z">
      <class name="com.epam.lab.LogInTest">
        <test-method status="PASS" signature="setup()[pri:0, instance:com.epam.lab.LogInTest@5c10f1c3]" name="setup" is-config="true" duration-ms="10236" started-at="2018-09-09T06:14:15Z" finished-at="2018-09-09T06:14:25Z">
          <reporter-output>
          </reporter-output>
        </test-method> <!-- setup -->
        <test-method status="PASS" signature="logInTest()[pri:0, instance:com.epam.lab.LogInTest@5c10f1c3]" name="logInTest" duration-ms="345" started-at="2018-09-09T06:14:25Z" finished-at="2018-09-09T06:14:26Z">
          <reporter-output>
          </reporter-output>
        </test-method> <!-- logInTest -->
        <test-method status="PASS" signature="quit()[pri:0, instance:com.epam.lab.LogInTest@5c10f1c3]" name="quit" is-config="true" duration-ms="1130" started-at="2018-09-09T06:14:26Z" finished-at="2018-09-09T06:14:27Z">
          <reporter-output>
          </reporter-output>
        </test-method> <!-- quit -->
      </class> <!-- com.epam.lab.LogInTest -->
    </test> <!-- LoginTest -->
  </suite> <!-- TestSuite -->
</testng-results>
