-------------------------------------------------------------------------------
Test set: TestSuite
-------------------------------------------------------------------------------
Tests run: 1, Failures: 1, Errors: 0, Skipped: 0, Time elapsed: 18.759 s <<< FAILURE! - in TestSuite
logInTest(com.epam.lab.LogInTest)  Time elapsed: 1.254 s  <<< FAILURE!
java.lang.AssertionError: expected [123] but found []
	at com.epam.lab.LogInTest.logInTest(LogInTest.java:31)

